[13:30:53] INFO     Welcome to Long Term Test Control!
[13:30:53] INFO     Log information will be saved in output/LongTermScan-2017_11_13-13_30_53.log
[13:30:53] INFO     Found config file config/SingleChannelAnalysis101.cfg
[13:30:53] INFO     Read in config file parameters
[13:30:53] INFO     -------------------------------
[13:30:53] INFO     [SerialPorts]
[13:30:53] INFO     	keithley2700 = /dev/ttyUSB1
[13:30:53] INFO     	isegt2dp = /dev/ttyUSB0
[13:30:53] INFO     [Sensors]
[13:30:53] INFO     	limleakcurr = 20000.0
[13:30:53] INFO     	sensorlabel1 = Leer
[13:30:53] INFO     	sensorlabel2 = Leer
[13:30:53] INFO     	sensorlabel3 = Leer
[13:30:53] INFO     	sensorlabel4 = Leer
[13:30:53] INFO     	sensorlabel5 = Leer
[13:30:53] INFO     	sensorlabel6 = 30211132911720
[13:30:53] INFO     	sensorlabel7 = 30211132911715
[13:30:53] INFO     	sensorlabel8 = 30211132911708
[13:30:53] INFO     	sensorlabel9 = Leer
[13:30:53] INFO     	sensorlabel10 = Unverbunden
[13:30:53] INFO     [DCVoltageScan]
[13:30:53] INFO     	voltchannel = 2
[13:30:53] INFO     	dcvoltage = 150
[13:30:53] INFO     	polarity = -
[13:30:53] INFO     	scanchannels = 106:108
[13:30:53] INFO     	voltagerange = auto
[13:30:53] INFO     	tbm = 5
[13:30:53] INFO     	writeeachtrigger = 1
[13:30:53] INFO     	maxtime = 3.0
[13:30:53] INFO     [IVCurves]
[13:30:53] INFO     	enable = 0
[13:30:53] INFO     	voltagesteps = 5
[13:30:53] INFO     	scaneachtrigger = 5
[13:30:53] INFO     [HumidityReadout]
[13:30:53] INFO     	humlevel = 20
[13:30:53] INFO     	mntpath = HumidityStabilization/
[13:30:53] INFO     -------------------------------
[13:30:53] INFO     Opening serial port to Keithley 2700
[13:30:53] INFO     Serial port to Keithley 2700 opened
[13:30:53] INFO     Opening serial port to Iseg T2DP
[13:30:53] INFO     Serial port to Iseg T2DP opened
[13:30:53] INFO     Security Demon succesfully started
[13:30:54] INFO     Please check manually if the HV switch of CH2 is turned on at Iseg T2DP
[13:30:54] INFO     Is the HV switch turned on? [Y]: 
[13:30:57] INFO     USER INPUT: Y
[13:30:57] WARNING  HUMIDITY CONTROL: Current humidity level is below desired value. However scan will be started and once the humidity level has reached desired value it will be stabilized.
[13:30:57] INFO     Configuring Keithley 2700
[13:30:57] INFO     Status of digital output channel (111:112): (1,1)
[13:30:57] INFO     Binary status of digital output lines in channels @111: 11100000
[13:30:58] INFO     Binary status of digital output lines in channels @112: 00000000
[13:30:58] INFO     When triggered, scan will be measuring DC voltage with automatic range in 3 channels: @106,107,108
[13:30:58] INFO     Configuring iseg T2DP
[13:30:59] INFO     CH2 polarity will be set to P2 = - . Please wait a moment
[13:31:03] INFO     Polarity setting of CH2 is P2 = -
[13:31:05] INFO     CH2 voltage will be set to U2 = 150 V. Please wait a moment!
[13:31:10] INFO     Current CH2 voltage is U2 = 0.0 V
[13:31:10] WARNING  CH2 voltage was not yet reached (currently at 0.0 V). Please wait a moment!
[13:31:16] INFO     Current CH2 voltage is U2 = 0.0 V
[13:31:16] WARNING  CH2 voltage was not yet reached (currently at 0.0 V). Please wait a moment!
[13:31:22] INFO     Current CH2 voltage is U2 = 0.0 V
[13:31:22] WARNING  CH2 voltage was not yet reached (currently at 0.0 V). Please wait a moment!
[13:31:28] INFO     Current CH2 voltage is U2 = 0.0 V
[13:31:28] WARNING  CH2 voltage was not yet reached (currently at 0.0 V). Please wait a moment!
[13:31:34] INFO     Current CH2 voltage is U2 = 0.0 V
[13:31:34] WARNING  CH2 voltage was not yet reached (currently at 0.0 V). Please wait a moment!
[13:31:39] INFO     Current CH2 voltage is U2 = 0.0 V
[13:31:39] WARNING  CH2 voltage was not yet reached (currently at 0.0 V). Please wait a moment!
[13:31:45] INFO     Current CH2 voltage is U2 = 148.0 V
[13:31:45] INFO     HUMIDITY CONTROL: Starting humidity stabilization program
[13:32:00] INFO     USER INPUT: exit
[13:32:01] INFO     HUMIDITY CONTROL: Ending humidity stabilization program
[13:32:01] INFO     Scan will be aborted! Please wait until voltage is shut down and program has ended!
[13:32:01] INFO     CH2 voltage will be shut down!
[13:32:03] INFO     CH2 voltage will be set to U2 = 0 V. Please wait a moment!
[13:32:06] INFO     Measurement triggered.
[13:32:06] INFO     Measured DC currents: 
[13:32:06] INFO     [3.466484125e-08, 3.169511025e-09, 1.6232907375e-09]
