[14:50:20] INFO     Welcome to Long Term Test Control!
[14:50:20] INFO     Log information will be saved in output/LongTermScan-2017_11_13-14_50_20.log
[14:50:20] INFO     Found config file config/SingleChannelAnalysis101.cfg
[14:50:20] INFO     Read in config file parameters
[14:50:20] INFO     -------------------------------
[14:50:20] INFO     [SerialPorts]
[14:50:20] INFO     	keithley2700 = /dev/ttyUSB1
[14:50:20] INFO     	isegt2dp = /dev/ttyUSB0
[14:50:20] INFO     [Sensors]
[14:50:20] INFO     	limleakcurr = 20000.0
[14:50:20] INFO     	sensorlabel1 = Leer
[14:50:20] INFO     	sensorlabel2 = Leer
[14:50:20] INFO     	sensorlabel3 = Leer
[14:50:20] INFO     	sensorlabel4 = Leer
[14:50:20] INFO     	sensorlabel5 = Leer
[14:50:20] INFO     	sensorlabel6 = 30211132911720
[14:50:20] INFO     	sensorlabel7 = 30211132911715
[14:50:20] INFO     	sensorlabel8 = 30211132911708
[14:50:20] INFO     	sensorlabel9 = Leer
[14:50:20] INFO     	sensorlabel10 = Unverbunden
[14:50:20] INFO     [DCVoltageScan]
[14:50:20] INFO     	voltchannel = 2
[14:50:20] INFO     	dcvoltage = 150
[14:50:20] INFO     	polarity = -
[14:50:20] INFO     	scanchannels = 106:108
[14:50:20] INFO     	voltagerange = auto
[14:50:20] INFO     	tbm = 60
[14:50:20] INFO     	writeeachtrigger = 1
[14:50:20] INFO     	maxtime = 3.0
[14:50:20] INFO     [IVCurves]
[14:50:20] INFO     	enable = 0
[14:50:20] INFO     	voltagesteps = 5
[14:50:20] INFO     	scaneachtrigger = 5
[14:50:20] INFO     [HumidityReadout]
[14:50:20] INFO     	humlevel = 20
[14:50:20] INFO     	mntpath = HumidityStabilization/
[14:50:20] INFO     -------------------------------
[14:50:20] INFO     Opening serial port to Keithley 2700
[14:50:20] INFO     Serial port to Keithley 2700 opened
[14:50:20] INFO     Opening serial port to Iseg T2DP
[14:50:20] INFO     Serial port to Iseg T2DP opened
[14:50:20] INFO     Security Demon succesfully started
[14:50:21] INFO     Please check manually if the HV switch of CH2 is turned on at Iseg T2DP
[14:50:21] INFO     Is the HV switch turned on? [Y]: 
[14:50:28] INFO     Is the HV switch turned on? [Y]: 
