[14:31:09] INFO     Welcome to Long Term Test Control!
[14:31:09] INFO     Log information will be saved in output/LongTermScan-2017_11_13-14_31_09.log
[14:31:09] INFO     Found config file config/SingleChannelAnalysis101.cfg
[14:31:09] INFO     Read in config file parameters
[14:31:09] INFO     -------------------------------
[14:31:09] INFO     [SerialPorts]
[14:31:09] INFO     	keithley2700 = /dev/ttyUSB1
[14:31:09] INFO     	isegt2dp = /dev/ttyUSB0
[14:31:09] INFO     [Sensors]
[14:31:09] INFO     	limleakcurr = 20000.0
[14:31:09] INFO     	sensorlabel1 = Leer
[14:31:09] INFO     	sensorlabel2 = Leer
[14:31:09] INFO     	sensorlabel3 = Leer
[14:31:09] INFO     	sensorlabel4 = Leer
[14:31:09] INFO     	sensorlabel5 = Leer
[14:31:09] INFO     	sensorlabel6 = 30211132911720
[14:31:09] INFO     	sensorlabel7 = 30211132911715
[14:31:09] INFO     	sensorlabel8 = 30211132911708
[14:31:09] INFO     	sensorlabel9 = Leer
[14:31:09] INFO     	sensorlabel10 = Unverbunden
[14:31:09] INFO     [DCVoltageScan]
[14:31:09] INFO     	voltchannel = 2
[14:31:09] INFO     	dcvoltage = 150
[14:31:09] INFO     	polarity = -
[14:31:09] INFO     	scanchannels = 106:108
[14:31:09] INFO     	voltagerange = auto
[14:31:09] INFO     	tbm = 60
[14:31:09] INFO     	writeeachtrigger = 1
[14:31:09] INFO     	maxtime = 3.0
[14:31:09] INFO     [IVCurves]
[14:31:09] INFO     	enable = 0
[14:31:09] INFO     	voltagesteps = 5
[14:31:09] INFO     	scaneachtrigger = 5
[14:31:09] INFO     [HumidityReadout]
[14:31:09] INFO     	humlevel = 20
[14:31:09] INFO     	mntpath = HumidityStabilization/
[14:31:09] INFO     -------------------------------
[14:31:09] INFO     Opening serial port to Keithley 2700
[14:31:09] INFO     Serial port to Keithley 2700 opened
[14:31:09] INFO     Opening serial port to Iseg T2DP
[14:31:09] INFO     Serial port to Iseg T2DP opened
[14:31:09] INFO     Security Demon succesfully started
[14:31:09] INFO     Please check manually if the HV switch of CH2 is turned on at Iseg T2DP
[14:31:09] INFO     Is the HV switch turned on? [Y]: 
[14:31:14] INFO     USER INPUT: Y
[14:31:14] WARNING  HUMIDITY CONTROL: Current humidity level is below desired value. However scan will be started and once the humidity level has reached desired value it will be stabilized.
[14:31:14] INFO     Configuring Keithley 2700
[14:31:14] INFO     Status of digital output channel (111:112): (1,1)
[14:31:14] INFO     Binary status of digital output lines in channels @111: 11100000
[14:31:15] INFO     Binary status of digital output lines in channels @112: 00000000
[14:31:15] INFO     When triggered, scan will be measuring DC voltage with automatic range in 3 channels: @106,107,108
[14:31:15] INFO     Configuring iseg T2DP
[14:31:16] INFO     CH2 polarity will be set to P2 = - . Please wait a moment
[14:31:20] INFO     Polarity setting of CH2 is P2 = -
[14:31:22] INFO     CH2 voltage will be set to U2 = 150 V. Please wait a moment!
[14:31:27] INFO     Current CH2 voltage is U2 = 148.0 V
[14:31:27] INFO     HUMIDITY CONTROL: Starting humidity stabilization program
[14:31:48] INFO     Measurement triggered.
[14:31:48] INFO     Measured DC currents: 
[14:31:48] INFO     [2.1098818775e-05, 8.481436225e-07, 2.9304348e-07]
[14:31:48] WARNING  Channel @106 exceeded current limit and will be removed from scan list. 
[14:31:48] INFO     CH2 voltage will be shut down!
[14:31:49] INFO     CH2 voltage will be set to U2 = 0 V. Please wait a moment!
[14:32:15] INFO     Current CH2 voltage is U2 = 0.0 V
[14:32:15] INFO     Configuring Keithley 2700
[14:32:17] INFO     Status of digital output channel (111:112): (1,1)
[14:32:17] INFO     Binary status of digital output lines in channels @111: 11000000
[14:32:17] INFO     Binary status of digital output lines in channels @112: 00000000
[14:32:17] INFO     When triggered, scan will be measuring DC voltage with automatic range in 2 channels: @107,108
[14:32:17] INFO     Configuring iseg T2DP
[14:32:18] INFO     CH2 polarity will be set to P2 = - . Please wait a moment
[14:32:22] INFO     Polarity setting of CH2 is P2 = -
[14:32:24] INFO     CH2 voltage will be set to U2 = 150 V. Please wait a moment!
[14:32:30] INFO     Current CH2 voltage is U2 = 148.0 V
[14:33:30] INFO     Measurement triggered.
[14:33:30] INFO     Measured DC currents: 
[14:33:30] INFO     [4.877814275e-07, 2.902366975e-07]
[14:34:31] INFO     Measurement triggered.
[14:34:31] INFO     Measured DC currents: 
[14:34:31] INFO     [5.54086715e-07, 2.8954791e-07]
[14:35:31] INFO     Measurement triggered.
[14:35:31] INFO     Measured DC currents: 
[14:35:31] INFO     [5.923667175e-07, 2.890343975e-07]
[14:36:32] INFO     Measurement triggered.
[14:36:32] INFO     Measured DC currents: 
[14:36:32] INFO     [6.1779607e-07, 2.88598575e-07]
[14:37:32] INFO     Measurement triggered.
[14:37:32] INFO     Measured DC currents: 
[14:37:32] INFO     [7.2556384e-07, 2.884758625e-07]
[14:38:33] INFO     Measurement triggered.
[14:38:33] INFO     Measured DC currents: 
[14:38:33] INFO     [7.1415037e-07, 2.8824208250000003e-07]
[14:39:33] INFO     Measurement triggered.
[14:39:33] INFO     Measured DC currents: 
[14:39:33] INFO     [7.4708648e-07, 2.8792724e-07]
[14:40:33] INFO     Measurement triggered.
[14:40:33] INFO     Measured DC currents: 
[14:40:33] INFO     [8.024226875e-07, 2.8774459e-07]
