[13:27:39] INFO     Welcome to Long Term Test Control!
[13:27:39] INFO     Log information will be saved in output/LongTermScan-2017_11_13-13_27_39.log
[13:27:39] INFO     Found config file config/SingleChannelAnalysis101.cfg
[13:27:39] INFO     Read in config file parameters
[13:27:39] INFO     -------------------------------
[13:27:39] INFO     [SerialPorts]
[13:27:39] INFO     	keithley2700 = /dev/ttyUSB1
[13:27:39] INFO     	isegt2dp = /dev/ttyUSB0
[13:27:39] INFO     [Sensors]
[13:27:39] INFO     	limleakcurr = 20000.0
[13:27:39] INFO     	sensorlabel1 = Leer
[13:27:39] INFO     	sensorlabel2 = Leer
[13:27:39] INFO     	sensorlabel3 = Leer
[13:27:39] INFO     	sensorlabel4 = Leer
[13:27:39] INFO     	sensorlabel5 = Leer
[13:27:39] INFO     	sensorlabel6 = 30211132911720
[13:27:39] INFO     	sensorlabel7 = 30211132911715
[13:27:39] INFO     	sensorlabel8 = 30211132911708
[13:27:39] INFO     	sensorlabel9 = Leer
[13:27:39] INFO     	sensorlabel10 = Unverbunden
[13:27:39] INFO     [DCVoltageScan]
[13:27:39] INFO     	voltchannel = 2
[13:27:39] INFO     	dcvoltage = 150
[13:27:39] INFO     	polarity = -
[13:27:39] INFO     	scanchannels = 106:108
[13:27:39] INFO     	voltagerange = auto
[13:27:39] INFO     	tbm = 5
[13:27:39] INFO     	writeeachtrigger = 1
[13:27:39] INFO     	maxtime = 3.0
[13:27:39] INFO     [IVCurves]
[13:27:39] INFO     	enable = 0
[13:27:39] INFO     	voltagesteps = 5
[13:27:39] INFO     	scaneachtrigger = 5
[13:27:39] INFO     [HumidityReadout]
[13:27:39] INFO     	humlevel = 20
[13:27:39] INFO     	mntpath = HumidityStabilization/
[13:27:39] INFO     -------------------------------
[13:27:39] INFO     Opening serial port to Keithley 2700
[13:27:39] INFO     Serial port to Keithley 2700 opened
[13:27:39] INFO     Opening serial port to Iseg T2DP
[13:27:39] INFO     Serial port to Iseg T2DP opened
[13:27:39] INFO     Security Demon succesfully started
[13:27:40] INFO     Please check manually if the HV switch of CH2 is turned on at Iseg T2DP
[13:27:40] INFO     Is the HV switch turned on? [Y]: 
[13:27:45] INFO     USER INPUT: Y
[13:27:45] WARNING  HUMIDITY CONTROL: Current humidity level is below desired value. However scan will be started and once the humidity level has reached desired value it will be stabilized.
[13:27:45] INFO     Configuring Keithley 2700
[13:27:45] INFO     Status of digital output channel (111:112): (1,1)
[13:27:46] INFO     Binary status of digital output lines in channels @111: 11100000
[13:27:46] INFO     Binary status of digital output lines in channels @112: 00000000
[13:27:46] INFO     When triggered, scan will be measuring DC voltage with automatic range in 3 channels: @106,107,108
[13:27:46] INFO     Configuring iseg T2DP
[13:27:47] INFO     CH2 polarity will be set to P2 = - . Please wait a moment
[13:27:51] INFO     Polarity setting of CH2 is P2 = -
[13:27:53] INFO     CH2 voltage will be set to U2 = 150 V. Please wait a moment!
[13:27:59] INFO     Current CH2 voltage is U2 = 148.0 V
[13:27:59] INFO     HUMIDITY CONTROL: Starting humidity stabilization program
[13:28:19] INFO     Measurement triggered.
[13:28:19] INFO     Measured DC currents: 
[13:28:19] INFO     [1.6785796875e-05, 5.998162925e-07, 1.6215528e-09]
[13:28:25] INFO     Measurement triggered.
[13:28:25] INFO     Measured DC currents: 
[13:28:25] INFO     [1.6783740525e-05, 5.665641275000001e-07, 1.4927907625000002e-09]
[13:28:31] INFO     Measurement triggered.
[13:28:31] INFO     Measured DC currents: 
[13:28:31] INFO     [1.6335453975e-05, 5.687583975e-07, 1.3317418049999999e-09]
[13:28:37] INFO     Measurement triggered.
[13:28:37] INFO     Measured DC currents: 
[13:28:37] INFO     [1.6458479175e-05, 5.782614274999999e-07, 9.467176275e-10]
[13:28:43] INFO     Measurement triggered.
[13:28:43] INFO     Measured DC currents: 
[13:28:43] INFO     [1.6354490525e-05, 5.726895850000001e-07, 1.276246475e-09]
[13:28:49] INFO     Measurement triggered.
[13:28:49] INFO     Measured DC currents: 
[13:28:49] INFO     [1.6464289425000002e-05, 5.8934141e-07, 1.2403981225e-09]
[13:28:55] INFO     Measurement triggered.
[13:28:55] INFO     Measured DC currents: 
[13:28:55] INFO     [1.6155602925e-05, 5.676383525e-07, 1.1821973025e-09]
[13:29:01] INFO     Measurement triggered.
[13:29:01] INFO     Measured DC currents: 
[13:29:01] INFO     [1.61417675e-05, 5.95833025e-07, 1.2046639325e-09]
[13:29:07] INFO     Measurement triggered.
[13:29:07] INFO     Measured DC currents: 
[13:29:07] INFO     [1.626187325e-05, 6.124151125e-07, 1.22473837e-09]
[13:29:11] INFO     USER INPUT: exit
[13:29:12] INFO     Scan will be aborted! Please wait until voltage is shut down and program has ended!
[13:29:12] INFO     CH2 voltage will be shut down!
[13:29:13] INFO     HUMIDITY CONTROL: Ending humidity stabilization program
[13:29:13] INFO     CH2 voltage will be set to U2 = 0 V. Please wait a moment!
[13:29:39] INFO     Current CH2 voltage is U2 = 0.0 V
[13:29:39] INFO     Long-Term Test Control has finished. Good bye!
