[14:25:48] INFO     Welcome to Long Term Test Control!
[14:25:48] INFO     Log information will be saved in output/LongTermScan-2017_11_13-14_25_48.log
[14:25:48] INFO     Found config file config/SingleChannelAnalysis101.cfg
[14:25:48] INFO     Read in config file parameters
[14:25:48] INFO     -------------------------------
[14:25:48] INFO     [SerialPorts]
[14:25:48] INFO     	keithley2700 = /dev/ttyUSB1
[14:25:48] INFO     	isegt2dp = /dev/ttyUSB0
[14:25:48] INFO     [Sensors]
[14:25:48] INFO     	limleakcurr = 20000.0
[14:25:48] INFO     	sensorlabel1 = Leer
[14:25:48] INFO     	sensorlabel2 = Leer
[14:25:48] INFO     	sensorlabel3 = Leer
[14:25:48] INFO     	sensorlabel4 = Leer
[14:25:48] INFO     	sensorlabel5 = Leer
[14:25:48] INFO     	sensorlabel6 = 30211132911720
[14:25:48] INFO     	sensorlabel7 = 30211132911715
[14:25:48] INFO     	sensorlabel8 = 30211132911708
[14:25:48] INFO     	sensorlabel9 = Leer
[14:25:48] INFO     	sensorlabel10 = Unverbunden
[14:25:48] INFO     [DCVoltageScan]
[14:25:48] INFO     	voltchannel = 2
[14:25:48] INFO     	dcvoltage = 150
[14:25:48] INFO     	polarity = -
[14:25:48] INFO     	scanchannels = 106:108
[14:25:48] INFO     	voltagerange = auto
[14:25:48] INFO     	tbm = 5
[14:25:48] INFO     	writeeachtrigger = 1
[14:25:48] INFO     	maxtime = 3.0
[14:25:48] INFO     [IVCurves]
[14:25:48] INFO     	enable = 0
[14:25:48] INFO     	voltagesteps = 5
[14:25:48] INFO     	scaneachtrigger = 5
[14:25:48] INFO     [HumidityReadout]
[14:25:48] INFO     	humlevel = 20
[14:25:48] INFO     	mntpath = HumidityStabilization/
[14:25:48] INFO     -------------------------------
[14:25:48] INFO     Opening serial port to Keithley 2700
[14:25:48] INFO     Serial port to Keithley 2700 opened
[14:25:48] INFO     Opening serial port to Iseg T2DP
[14:25:48] INFO     Serial port to Iseg T2DP opened
[14:25:48] INFO     Security Demon succesfully started
[14:25:49] INFO     Please check manually if the HV switch of CH2 is turned on at Iseg T2DP
[14:25:49] INFO     Is the HV switch turned on? [Y]: 
[14:25:52] INFO     USER INPUT: Y
[14:25:52] WARNING  HUMIDITY CONTROL: Current humidity level is below desired value. However scan will be started and once the humidity level has reached desired value it will be stabilized.
[14:25:52] INFO     Configuring Keithley 2700
[14:25:52] INFO     Status of digital output channel (111:112): (1,1)
[14:25:52] INFO     Binary status of digital output lines in channels @111: 11100000
[14:25:52] INFO     Binary status of digital output lines in channels @112: 00000000
[14:25:52] INFO     When triggered, scan will be measuring DC voltage with automatic range in 3 channels: @106,107,108
[14:25:52] INFO     Configuring iseg T2DP
[14:25:53] INFO     CH2 polarity will be set to P2 = - . Please wait a moment
[14:25:57] INFO     Polarity setting of CH2 is P2 = -
[14:25:59] INFO     CH2 voltage will be set to U2 = 150 V. Please wait a moment!
[14:26:05] INFO     Current CH2 voltage is U2 = 148.1 V
[14:26:05] INFO     HUMIDITY CONTROL: Starting humidity stabilization program
[14:26:26] INFO     Measurement triggered.
[14:26:26] INFO     Measured DC currents: 
[14:26:26] INFO     [1.5328084125000001e-07, 7.9238649e-10, 7.90977065e-10]
[14:26:31] INFO     Measurement triggered.
[14:26:31] INFO     Measured DC currents: 
[14:26:31] INFO     [6.092089450000001e-10, 6.566900275e-10, 6.048813875e-10]
[14:26:37] INFO     Measurement triggered.
[14:26:37] INFO     Measured DC currents: 
[14:26:37] INFO     [3.7113426499999996e-10, 3.781275525e-10, 4.907287800000001e-10]
[14:26:41] INFO     USER INPUT: exit
[14:26:42] INFO     Scan will be aborted! Please wait until voltage is shut down and program has ended!
[14:26:42] INFO     CH2 voltage will be shut down!
[14:26:42] INFO     Measurement triggered.
[14:26:42] INFO     Measured DC currents: 
[14:26:42] INFO     [4.4500037e-10, 3.8050973750000003e-10, 5.823644825e-10]
[14:26:43] INFO     HUMIDITY CONTROL: Ending humidity stabilization program
[14:26:44] INFO     CH2 voltage will be set to U2 = 0 V. Please wait a moment!
[14:27:09] INFO     Current CH2 voltage is U2 = 0.0 V
[14:27:09] INFO     Long-Term Test Control has finished. Good bye!
