[14:28:48] INFO     Welcome to Long Term Test Control!
[14:28:48] INFO     Log information will be saved in output/LongTermScan-2017_11_13-14_28_48.log
[14:28:48] INFO     Found config file config/SingleChannelAnalysis101.cfg
[14:28:48] INFO     Read in config file parameters
[14:28:48] INFO     -------------------------------
[14:28:48] INFO     [SerialPorts]
[14:28:48] INFO     	keithley2700 = /dev/ttyUSB1
[14:28:48] INFO     	isegt2dp = /dev/ttyUSB0
[14:28:48] INFO     [Sensors]
[14:28:48] INFO     	limleakcurr = 20000.0
[14:28:48] INFO     	sensorlabel1 = Leer
[14:28:48] INFO     	sensorlabel2 = Leer
[14:28:48] INFO     	sensorlabel3 = Leer
[14:28:48] INFO     	sensorlabel4 = Leer
[14:28:48] INFO     	sensorlabel5 = Leer
[14:28:48] INFO     	sensorlabel6 = 30211132911720
[14:28:48] INFO     	sensorlabel7 = 30211132911715
[14:28:48] INFO     	sensorlabel8 = 30211132911708
[14:28:48] INFO     	sensorlabel9 = Leer
[14:28:48] INFO     	sensorlabel10 = Unverbunden
[14:28:48] INFO     [DCVoltageScan]
[14:28:48] INFO     	voltchannel = 2
[14:28:48] INFO     	dcvoltage = 150
[14:28:48] INFO     	polarity = -
[14:28:48] INFO     	scanchannels = 106:108
[14:28:48] INFO     	voltagerange = auto
[14:28:48] INFO     	tbm = 5
[14:28:48] INFO     	writeeachtrigger = 1
[14:28:48] INFO     	maxtime = 3.0
[14:28:48] INFO     [IVCurves]
[14:28:48] INFO     	enable = 0
[14:28:48] INFO     	voltagesteps = 5
[14:28:48] INFO     	scaneachtrigger = 5
[14:28:48] INFO     [HumidityReadout]
[14:28:48] INFO     	humlevel = 20
[14:28:48] INFO     	mntpath = HumidityStabilization/
[14:28:48] INFO     -------------------------------
[14:28:48] INFO     Opening serial port to Keithley 2700
[14:28:48] INFO     Serial port to Keithley 2700 opened
[14:28:48] INFO     Opening serial port to Iseg T2DP
[14:28:48] INFO     Serial port to Iseg T2DP opened
[14:28:48] INFO     Security Demon succesfully started
[14:28:49] INFO     Please check manually if the HV switch of CH2 is turned on at Iseg T2DP
[14:28:49] INFO     Is the HV switch turned on? [Y]: 
[14:28:50] INFO     USER INPUT: Y
[14:28:50] WARNING  HUMIDITY CONTROL: Current humidity level is below desired value. However scan will be started and once the humidity level has reached desired value it will be stabilized.
[14:28:50] INFO     Configuring Keithley 2700
[14:28:50] INFO     Status of digital output channel (111:112): (1,1)
[14:28:50] INFO     Binary status of digital output lines in channels @111: 11100000
[14:28:50] INFO     Binary status of digital output lines in channels @112: 00000000
[14:28:50] INFO     When triggered, scan will be measuring DC voltage with automatic range in 3 channels: @106,107,108
[14:28:50] INFO     Configuring iseg T2DP
[14:28:52] INFO     CH2 polarity will be set to P2 = - . Please wait a moment
[14:28:55] INFO     Polarity setting of CH2 is P2 = -
[14:28:57] INFO     CH2 voltage will be set to U2 = 150 V. Please wait a moment!
[14:29:03] INFO     Current CH2 voltage is U2 = 148.0 V
[14:29:03] INFO     HUMIDITY CONTROL: Starting humidity stabilization program
[14:29:24] INFO     Measurement triggered.
[14:29:24] INFO     Measured DC currents: 
[14:29:24] INFO     [1.8696994775e-05, 2.1623285125e-06, 2.9415248e-07]
[14:29:30] INFO     Measurement triggered.
[14:29:30] INFO     Measured DC currents: 
[14:29:30] INFO     [1.9033081525e-05, 1.9797138875e-06, 2.937340175e-07]
[14:29:35] INFO     Measurement triggered.
[14:29:35] INFO     Measured DC currents: 
[14:29:35] INFO     [1.8482564699999998e-05, 1.73059553e-06, 2.93407925e-07]
[14:29:41] INFO     Measurement triggered.
[14:29:41] INFO     Measured DC currents: 
[14:29:41] INFO     [1.8453084225000002e-05, 1.701043545e-06, 2.931216725e-07]
[14:29:47] INFO     Measurement triggered.
[14:29:47] INFO     Measured DC currents: 
[14:29:47] INFO     [1.8540934325e-05, 1.62111923e-06, 2.9288318e-07]
[14:29:53] INFO     Measurement triggered.
[14:29:53] INFO     Measured DC currents: 
[14:29:53] INFO     [1.8350774050000002e-05, 1.482589395e-06, 2.9260553500000003e-07]
[14:29:57] INFO     USER INPUT: exit
[14:29:58] INFO     Scan will be aborted! Please wait until voltage is shut down and program has ended!
[14:29:58] INFO     CH2 voltage will be shut down!
[14:29:59] INFO     Measurement triggered.
[14:29:59] INFO     Measured DC currents: 
[14:29:59] INFO     [1.8310004475e-05, 1.4570513375e-06, 2.9251890249999996e-07]
[14:29:59] INFO     HUMIDITY CONTROL: Ending humidity stabilization program
[14:29:59] INFO     CH2 voltage will be set to U2 = 0 V. Please wait a moment!
[14:30:25] INFO     Current CH2 voltage is U2 = 0.0 V
[14:30:25] INFO     Long-Term Test Control has finished. Good bye!
