[13:21:53] INFO     Welcome to Long Term Test Control!
[13:21:53] INFO     Log information will be saved in output/LongTermScan-2017_11_13-13_21_53.log
[13:21:53] INFO     Found config file config/SingleChannelAnalysis101.cfg
[13:21:53] INFO     Read in config file parameters
[13:21:53] INFO     -------------------------------
[13:21:53] INFO     [SerialPorts]
[13:21:53] INFO     	keithley2700 = /dev/ttyUSB1
[13:21:53] INFO     	isegt2dp = /dev/ttyUSB0
[13:21:53] INFO     [Sensors]
[13:21:53] INFO     	limleakcurr = 30000.0
[13:21:53] INFO     	sensorlabel1 = Leer
[13:21:53] INFO     	sensorlabel2 = Leer
[13:21:53] INFO     	sensorlabel3 = Leer
[13:21:53] INFO     	sensorlabel4 = Leer
[13:21:53] INFO     	sensorlabel5 = Leer
[13:21:53] INFO     	sensorlabel6 = 30211132911720
[13:21:53] INFO     	sensorlabel7 = 30211132911715
[13:21:53] INFO     	sensorlabel8 = 30211132911708
[13:21:53] INFO     	sensorlabel9 = Leer
[13:21:53] INFO     	sensorlabel10 = Unverbunden
[13:21:53] INFO     [DCVoltageScan]
[13:21:53] INFO     	voltchannel = 2
[13:21:53] INFO     	dcvoltage = 150
[13:21:53] INFO     	polarity = -
[13:21:53] INFO     	scanchannels = 106:108
[13:21:53] INFO     	voltagerange = auto
[13:21:53] INFO     	tbm = 60
[13:21:53] INFO     	writeeachtrigger = 1
[13:21:53] INFO     	maxtime = 3.0
[13:21:53] INFO     [IVCurves]
[13:21:53] INFO     	enable = 0
[13:21:53] INFO     	voltagesteps = 5
[13:21:53] INFO     	scaneachtrigger = 5
[13:21:53] INFO     [HumidityReadout]
[13:21:53] INFO     	humlevel = 20
[13:21:53] INFO     	mntpath = HumidityStabilization/
[13:21:53] INFO     -------------------------------
[13:21:53] INFO     Opening serial port to Keithley 2700
[13:21:53] INFO     Serial port to Keithley 2700 opened
[13:21:53] INFO     Opening serial port to Iseg T2DP
[13:21:53] INFO     Serial port to Iseg T2DP opened
[13:21:53] INFO     Security Demon succesfully started
[13:21:54] INFO     Please check manually if the HV switch of CH2 is turned on at Iseg T2DP
[13:21:54] INFO     Is the HV switch turned on? [Y]: 
